<?xml version="1.0" encoding="UTF-8"?>
<!-- Generated by org.testng.reporters.JUnitReportReporter -->
<testsuite hostname="Amar" name="com.test.functional.LoginTest001" tests="1" failures="0" timestamp="7 Nov 2016 06:03:30 GMT" time="5.739" errors="0">
  <testcase name="testLogin" time="5.739" classname="com.test.functional.LoginTest001"/>
</testsuite> <!-- com.test.functional.LoginTest001 -->
