<?xml version="1.0" encoding="UTF-8"?>
<!-- Generated by org.testng.reporters.JUnitReportReporter -->
<testsuite hostname="Amar" name="com.test.functional.LoginTest001$LoginTestSC_001" tests="1" failures="0" timestamp="6 Nov 2016 12:59:34 GMT" time="6.446" errors="0">
  <testcase name="testLoginTC_0010" time="6.446" classname="com.test.functional.LoginTest001$LoginTestSC_001"/>
</testsuite> <!-- com.test.functional.LoginTest001$LoginTestSC_001 -->
